This is XeTeX, Version 3.141592653-2.6-0.999994 (TeX Live 2022) (preloaded format=xelatex 2022.8.30)  24 AUG 2025 12:34
entering extended mode
 \write18 enabled.
 file:line:error style messages enabled.
 %&-line parsing enabled.
**/Users/wakala/IdeaProjects/Projects/documents/pygeometric/gnn/formula
(/Users/wakala/IdeaProjects/Projects/documents/pygeometric/gnn/formula.tex
LaTeX2e <2021-11-15> patch level 1
L3 programming layer <2022-02-24>)
! Emergency stop.
<*> .../Projects/documents/pygeometric/gnn/formula
                                                  
*** (job aborted, no legal \end found)

 
Here is how much of TeX's memory you used:
 16 strings out of 476179
 481 string characters out of 5809544
 298513 words of memory out of 5000000
 20869 multiletter control sequences out of 15000+600000
 469259 words of font info for 28 fonts, out of 8000000 for 9000
 1348 hyphenation exceptions out of 8191
 12i,0n,12p,101b,10s stack positions out of 10000i,1000n,20000p,200000b,200000s
No pages of output.
